<?xml version="1.0" encoding="UTF-8"?>
<!-- Generated by org.testng.reporters.JUnitReportReporter -->
<testsuite hostname="Enigma" failures="0" tests="1" name="airlines.AirlinesTests" time="14.141" errors="0" timestamp="2024-09-21T20:15:32 IST" skipped="0">
  <testcase classname="airlines.AirlinesTests" name="createAirlines" time="14.141"/>
  <system-out/>
</testsuite> <!-- airlines.AirlinesTests -->
